<?xml version="1.0" encoding="UTF-8"?>
<!-- Generated by org.testng.reporters.JUnitReportReporter -->
<testsuite hostname="Lenovo2" name="TestCase.LogintoApplication1" tests="1" failures="0" timestamp="3 Oct 2019 05:59:43 GMT" time="24.654" errors="0">
  <testcase name="logintoApplication1" time="24.654" classname="TestCase.LogintoApplication1"/>
</testsuite> <!-- TestCase.LogintoApplication1 -->
