<?xml version="1.0" encoding="UTF-8"?>
<!-- Generated by org.testng.reporters.JUnitReportReporter -->
<testsuite hostname="Lenovo2" name="TestCase.LogintoApplication1" tests="1" failures="0" timestamp="3 Oct 2019 17:54:58 GMT" time="26.406" errors="0">
  <testcase name="logintoApplication1" time="26.406" classname="TestCase.LogintoApplication1"/>
</testsuite> <!-- TestCase.LogintoApplication1 -->
